2020-03-13 13:47:07.711 [main] INFO  org.smartwork.SmartWorkApplication - The following profiles are active: dev
2020-03-13 13:47:08.450 [main] INFO  o.s.d.r.config.RepositoryConfigurationDelegate - Multiple Spring Data modules found, entering strict repository configuration mode!
2020-03-13 13:47:08.452 [main] INFO  o.s.d.r.config.RepositoryConfigurationDelegate - Bootstrapping Spring Data Redis repositories in DEFAULT mode.
2020-03-13 13:47:08.473 [main] INFO  o.s.d.r.config.RepositoryConfigurationDelegate - Finished Spring Data repository scanning in 8ms. Found 0 Redis repository interfaces.
2020-03-13 13:47:08.864 [main] INFO  o.springframework.cloud.context.scope.GenericScope - BeanFactory id=af9baf68-9b55-3879-b6ea-573c0a094faf
2020-03-13 13:47:09.132 [main] INFO  o.s.c.s.PostProcessorRegistrationDelegate$BeanPostProcessorChecker - Bean 'org.springframework.transaction.annotation.ProxyTransactionManagementConfiguration' of type [org.springframework.transaction.annotation.ProxyTransactionManagementConfiguration] is not eligible for getting processed by all BeanPostProcessors (for example: not eligible for auto-proxying)
2020-03-13 13:47:09.176 [main] INFO  o.s.c.s.PostProcessorRegistrationDelegate$BeanPostProcessorChecker - Bean 'spring.datasource.dynamic-com.baomidou.dynamic.datasource.spring.boot.autoconfigure.DynamicDataSourceProperties' of type [com.baomidou.dynamic.datasource.spring.boot.autoconfigure.DynamicDataSourceProperties] is not eligible for getting processed by all BeanPostProcessors (for example: not eligible for auto-proxying)
2020-03-13 13:47:09.180 [main] INFO  o.s.c.s.PostProcessorRegistrationDelegate$BeanPostProcessorChecker - Bean 'com.baomidou.dynamic.datasource.spring.boot.autoconfigure.DynamicDataSourceAutoConfiguration' of type [com.baomidou.dynamic.datasource.spring.boot.autoconfigure.DynamicDataSourceAutoConfiguration$$EnhancerBySpringCGLIB$$49fe35dc] is not eligible for getting processed by all BeanPostProcessors (for example: not eligible for auto-proxying)
2020-03-13 13:47:09.193 [main] INFO  o.s.c.s.PostProcessorRegistrationDelegate$BeanPostProcessorChecker - Bean 'dsProcessor' of type [com.baomidou.dynamic.datasource.processor.DsHeaderProcessor] is not eligible for getting processed by all BeanPostProcessors (for example: not eligible for auto-proxying)
2020-03-13 13:47:09.198 [main] INFO  o.s.c.s.PostProcessorRegistrationDelegate$BeanPostProcessorChecker - Bean 'dynamicDatasourceAnnotationAdvisor' of type [com.baomidou.dynamic.datasource.aop.DynamicDataSourceAnnotationAdvisor] is not eligible for getting processed by all BeanPostProcessors (for example: not eligible for auto-proxying)
2020-03-13 13:47:09.212 [main] INFO  o.s.c.s.PostProcessorRegistrationDelegate$BeanPostProcessorChecker - Bean 'spring.redis-org.springframework.boot.autoconfigure.data.redis.RedisProperties' of type [org.springframework.boot.autoconfigure.data.redis.RedisProperties] is not eligible for getting processed by all BeanPostProcessors (for example: not eligible for auto-proxying)
2020-03-13 13:47:09.219 [main] INFO  o.s.c.s.PostProcessorRegistrationDelegate$BeanPostProcessorChecker - Bean 'org.springframework.boot.autoconfigure.data.redis.LettuceConnectionConfiguration' of type [org.springframework.boot.autoconfigure.data.redis.LettuceConnectionConfiguration] is not eligible for getting processed by all BeanPostProcessors (for example: not eligible for auto-proxying)
2020-03-13 13:47:09.275 [main] INFO  o.s.c.s.PostProcessorRegistrationDelegate$BeanPostProcessorChecker - Bean 'lettuceClientResources' of type [io.lettuce.core.resource.DefaultClientResources] is not eligible for getting processed by all BeanPostProcessors (for example: not eligible for auto-proxying)
2020-03-13 13:47:09.334 [main] INFO  o.s.c.s.PostProcessorRegistrationDelegate$BeanPostProcessorChecker - Bean 'redisConnectionFactory' of type [org.springframework.data.redis.connection.lettuce.LettuceConnectionFactory] is not eligible for getting processed by all BeanPostProcessors (for example: not eligible for auto-proxying)
2020-03-13 13:47:09.345 [main] INFO  o.s.c.s.PostProcessorRegistrationDelegate$BeanPostProcessorChecker - Bean 'redisConfig' of type [org.forbes.config.RedisConfig$$EnhancerBySpringCGLIB$$baf4fb9e] is not eligible for getting processed by all BeanPostProcessors (for example: not eligible for auto-proxying)
2020-03-13 13:47:09.390 [main] INFO  o.s.c.s.PostProcessorRegistrationDelegate$BeanPostProcessorChecker - Bean 'org.springframework.cloud.sleuth.instrument.messaging.TraceMessagingAutoConfiguration$SleuthKafkaConfiguration' of type [org.springframework.cloud.sleuth.instrument.messaging.TraceMessagingAutoConfiguration$SleuthKafkaConfiguration] is not eligible for getting processed by all BeanPostProcessors (for example: not eligible for auto-proxying)
2020-03-13 13:47:09.395 [main] INFO  o.s.c.s.PostProcessorRegistrationDelegate$BeanPostProcessorChecker - Bean 'spring.sleuth.redis-org.springframework.cloud.sleuth.instrument.redis.TraceRedisProperties' of type [org.springframework.cloud.sleuth.instrument.redis.TraceRedisProperties] is not eligible for getting processed by all BeanPostProcessors (for example: not eligible for auto-proxying)
2020-03-13 13:47:09.632 [main] INFO  o.s.boot.web.embedded.tomcat.TomcatWebServer - Tomcat initialized with port(s): 8868 (http)
2020-03-13 13:47:09.639 [main] INFO  org.apache.coyote.http11.Http11NioProtocol - Initializing ProtocolHandler ["http-nio-8868"]
2020-03-13 13:47:09.640 [main] INFO  org.apache.catalina.core.StandardService - Starting service [Tomcat]
2020-03-13 13:47:09.640 [main] INFO  org.apache.catalina.core.StandardEngine - Starting Servlet engine: [Apache Tomcat/9.0.30]
2020-03-13 13:47:09.836 [main] INFO  o.a.c.core.ContainerBase.[Tomcat].[localhost].[/] - Initializing Spring embedded WebApplicationContext
2020-03-13 13:47:09.836 [main] INFO  org.springframework.web.context.ContextLoader - Root WebApplicationContext: initialization completed in 2110 ms
2020-03-13 13:47:10.874 [main] INFO  s.d.s.w.PropertySourcedRequestMappingHandlerMapping - Mapped URL path [/v2/api-docs] onto method [springfox.documentation.swagger2.web.Swagger2Controller#getDocumentation(String, HttpServletRequest)]
2020-03-13 13:47:10.898 [main] INFO  com.netflix.config.sources.URLConfigurationSource - To enable URLs as dynamic configuration sources, define System property archaius.configurationSource.additionalUrls or make config.properties available on classpath.
2020-03-13 13:47:10.900 [main] INFO  com.netflix.config.sources.URLConfigurationSource - To enable URLs as dynamic configuration sources, define System property archaius.configurationSource.additionalUrls or make config.properties available on classpath.
2020-03-13 13:47:11.067 [main] INFO  o.s.scheduling.concurrent.ThreadPoolTaskExecutor - Initializing ExecutorService 'applicationTaskExecutor'
2020-03-13 13:47:11.330 [main] INFO  c.b.dynamic.datasource.DynamicDataSourceCreator - 动态数据源-检测到druid存在,如配置中未指定type,druid会默认配置
2020-03-13 13:47:11.787 [main] INFO  com.alibaba.druid.pool.DruidDataSource - {dataSource-1,master} inited
2020-03-13 13:47:11.787 [main] INFO  c.b.dynamic.datasource.DynamicRoutingDataSource - 初始共加载 1 个数据源
2020-03-13 13:47:11.787 [main] INFO  c.b.dynamic.datasource.DynamicRoutingDataSource - 动态数据源-加载 master 成功
2020-03-13 13:47:11.787 [main] INFO  c.b.dynamic.datasource.DynamicRoutingDataSource - 当前的默认数据源是单数据源，数据源名为 master
2020-03-13 13:47:13.268 [main] INFO  o.s.cloud.netflix.eureka.InstanceInfoFactory - Setting initial instance status as: STARTING
2020-03-13 13:47:13.292 [main] INFO  com.netflix.discovery.DiscoveryClient - Initializing Eureka in region us-east-1
2020-03-13 13:47:13.545 [main] INFO  c.n.discovery.provider.DiscoveryJerseyProvider - Using JSON encoding codec LegacyJacksonJson
2020-03-13 13:47:13.545 [main] INFO  c.n.discovery.provider.DiscoveryJerseyProvider - Using JSON decoding codec LegacyJacksonJson
2020-03-13 13:47:13.661 [main] INFO  c.n.discovery.provider.DiscoveryJerseyProvider - Using XML encoding codec XStreamXml
2020-03-13 13:47:13.661 [main] INFO  c.n.discovery.provider.DiscoveryJerseyProvider - Using XML decoding codec XStreamXml
2020-03-13 13:47:13.991 [main] INFO  c.n.d.shared.resolver.aws.ConfigClusterResolver - Resolving eureka endpoints via configuration
2020-03-13 13:47:14.085 [main] INFO  com.netflix.discovery.DiscoveryClient - Disable delta property : false
2020-03-13 13:47:14.085 [main] INFO  com.netflix.discovery.DiscoveryClient - Single vip registry refresh property : null
2020-03-13 13:47:14.085 [main] INFO  com.netflix.discovery.DiscoveryClient - Force full registry fetch : false
2020-03-13 13:47:14.085 [main] INFO  com.netflix.discovery.DiscoveryClient - Application is null : false
2020-03-13 13:47:14.085 [main] INFO  com.netflix.discovery.DiscoveryClient - Registered Applications size is zero : true
2020-03-13 13:47:14.085 [main] INFO  com.netflix.discovery.DiscoveryClient - Application version is -1: true
2020-03-13 13:47:14.085 [main] INFO  com.netflix.discovery.DiscoveryClient - Getting all instance registry info from the eureka server
2020-03-13 13:47:14.209 [main] INFO  com.netflix.discovery.DiscoveryClient - The response status is 200
2020-03-13 13:47:14.210 [main] INFO  com.netflix.discovery.DiscoveryClient - Starting heartbeat executor: renew interval is: 5
2020-03-13 13:47:14.212 [main] INFO  com.netflix.discovery.InstanceInfoReplicator - InstanceInfoReplicator onDemand update allowed rate per min is 4
2020-03-13 13:47:14.215 [main] INFO  com.netflix.discovery.DiscoveryClient - Discovery Client initialized at timestamp 1584078434214 with initial instances count: 8
2020-03-13 13:47:14.223 [main] INFO  o.s.c.n.e.serviceregistry.EurekaServiceRegistry - Registering application TASKCENTER-FRUNK with eureka with status UP
2020-03-13 13:47:14.223 [main] INFO  com.netflix.discovery.DiscoveryClient - Saw local status change event StatusChangeEvent [timestamp=1584078434223, current=UP, previous=STARTING]
2020-03-13 13:47:14.225 [DiscoveryClient-InstanceInfoReplicator-0] INFO  com.netflix.discovery.DiscoveryClient - DiscoveryClient_TASKCENTER-FRUNK/DESKTOP-QQ3I2LS:taskcenter-frunk:8868: registering service...
2020-03-13 13:47:14.225 [main] INFO  s.d.s.web.plugins.DocumentationPluginsBootstrapper - Context refreshed
2020-03-13 13:47:14.243 [main] INFO  s.d.s.web.plugins.DocumentationPluginsBootstrapper - Found 1 custom documentation plugin(s)
2020-03-13 13:47:14.258 [DiscoveryClient-InstanceInfoReplicator-0] INFO  com.netflix.discovery.DiscoveryClient - DiscoveryClient_TASKCENTER-FRUNK/DESKTOP-QQ3I2LS:taskcenter-frunk:8868 - registration status: 204
2020-03-13 13:47:14.269 [main] INFO  s.d.spring.web.scanners.ApiListingReferenceScanner - Scanning for api listing references
2020-03-13 13:47:14.367 [main] INFO  org.apache.coyote.http11.Http11NioProtocol - Starting ProtocolHandler ["http-nio-8868"]
2020-03-13 13:47:14.384 [main] INFO  o.s.boot.web.embedded.tomcat.TomcatWebServer - Tomcat started on port(s): 8868 (http) with context path ''
2020-03-13 13:47:14.384 [main] INFO  o.s.c.n.e.s.EurekaAutoServiceRegistration - Updating port to 8868
2020-03-13 13:47:14.516 [main] INFO  org.smartwork.SmartWorkApplication - Started SmartWorkApplication in 7.773 seconds (JVM running for 8.654)
2020-03-13 13:52:14.090 [AsyncResolver-bootstrap-executor-0] INFO  c.n.d.shared.resolver.aws.ConfigClusterResolver - Resolving eureka endpoints via configuration
